<?xml version="1.0" encoding="UTF-8"?>
<testng-results ignored="0" total="1" passed="1" failed="0" skipped="0">
  <reporter-output>
  </reporter-output>
  <suite started-at="2024-07-20T16:01:44 IST" name="Default suite" finished-at="2024-07-20T16:02:00 IST" duration-ms="16312">
    <groups>
    </groups>
    <test started-at="2024-07-20T16:01:44 IST" name="Default test" finished-at="2024-07-20T16:02:00 IST" duration-ms="16312">
      <class name="testcases.ExecuteTest">
        <test-method signature="testLogin()[pri:0, instance:testcases.ExecuteTest@6f1de4c7]" started-at="2024-07-20T16:01:44 IST" name="testLogin" finished-at="2024-07-20T16:02:00 IST" duration-ms="16185" status="PASS">
          <reporter-output>
          </reporter-output>
        </test-method> <!-- testLogin -->
      </class> <!-- testcases.ExecuteTest -->
    </test> <!-- Default test -->
  </suite> <!-- Default suite -->
</testng-results>
